0:00.00 [INFO ] (Debug/onInitProgram#203): Debug logging initialized. Hello, developer.
0:00.01 [INFO ] (Debug/onInitProgram#208): This is a RELEASE build.
0:00.01 [INFO ] (Debug/onInitProgram#210): HaxeFlixel version: HaxeFlixel 4.10.0
0:00.02 [INFO ] (Debug/onInitProgram#211): Friday Night Funkin' version: 0.2.7.1
0:00.02 [INFO ] (Debug/onInitProgram#212): KadeEngine version: 1.8
0:00.03 [INFO ] (ModCore/initialize#27): Initializing ModCore...
0:00.04 [INFO ] (ModCore/getModIds#95): Scanning the mods folder...
0:00.05 [INFO ] (ModCore/getModIds#97): Found 1 mods when scanning.
0:00.07 [INFO ] (ModCore/loadModsById#37): Attempting to load 1 mods...
0:00.07 [WARN ] Could not find mod icon file: "mods/introMod/_polymod_icon.png"
0:00.08 [INFO ]  user specified CUSTOM
0:00.08 [TRACE] (ModCoreBackend/new#167): Initialized custom asset loader backend.
0:00.09 [WARN ] (ModCoreBackend/clearCache#173): Custom asset cache has been cleared.
0:00.09 [ERROR] Preparing to load mod mods/introMod
0:00.10 [ERROR] Done loading mod mods/introMod
0:00.10 [TRACE] (ModCoreBackend/exists#178): Call to ModCoreBackend: exists(_polymod_pack.txt)
0:00.11 [INFO ] (ModCore/loadModsById#67): Mod loading complete. We loaded 1 / 1 mods.
0:00.12 [TRACE] (ModCore/loadModsById#70):   * Intro Mod v1.0.0 [introMod]
0:00.13 [INFO ] (ModCore/loadModsById#73): Installed mods have replaced 1 images.
0:00.13 [TRACE] (ModCore/loadModsById#75):   * images/KadeEngineLogo.png
0:00.14 [INFO ] (ModCore/loadModsById#78): Installed mods have replaced 0 text files.
0:00.15 [INFO ] (ModCore/loadModsById#83): Installed mods have replaced 0 music files.
0:00.15 [INFO ] (ModCore/loadModsById#88): Installed mods have replaced 0 sound files.
0:00.17 [TRACE] (TitleState/create#56): We loaded 0 assets into the default library
0:03.19 [INFO ] (TitleState/skipIntro#446): Skipping intro...
0:12.99 [INFO ] (Song/loadFromJson#83): Loading song JSON: tutorial/tutorial-easy
0:13.04 [INFO ] (Song/loadFromJson#83): Loading song JSON: tutorial/tutorial
0:13.07 [INFO ] (Song/loadFromJson#83): Loading song JSON: tutorial/tutorial-hard
0:13.34 [INFO ] (Song/loadFromJson#83): Loading song JSON: heads-up/heads-up-easy
0:13.39 [INFO ] (Song/loadFromJson#83): Loading song JSON: heads-up/heads-up
0:13.42 [INFO ] (Song/loadFromJson#83): Loading song JSON: heads-up/heads-up-hard
0:41.37 [INFO ] (Song/loadFromJson#83): Loading song JSON: heads-up/heads-up-easy
0:43.13 [INFO ] (PlayState/create#370): Searching for mod chart? (false) at assets/data/songs/heads-up/modchart.lua
0:43.13 [INFO ] (Character/parseDataFile#438): Generating character (gf) from JSON data...
0:47.01 [TRACE] (NoteskinHelpers/generatePixelSprite#78): bruh momento
0:47.02 [TRACE] (NoteskinHelpers/generateNoteskinSprite#60): bruh momento
0:47.09 [TRACE] (NoteskinHelpers/generatePixelSprite#78): bruh momento
0:47.10 [TRACE] (PlayState/generateStaticArrows#1797): FlxAtlasFrames
0:47.10 [TRACE] (PlayState/generateStaticArrows#1797): FlxAtlasFrames
0:47.11 [TRACE] (PlayState/generateStaticArrows#1797): FlxAtlasFrames
0:47.11 [TRACE] (PlayState/generateStaticArrows#1797): FlxAtlasFrames
0:47.12 [TRACE] (PlayState/generateStaticArrows#1797): FlxAtlasFrames
0:47.12 [TRACE] (PlayState/generateStaticArrows#1797): FlxAtlasFrames
0:47.13 [TRACE] (PlayState/generateStaticArrows#1797): FlxAtlasFrames
0:47.13 [TRACE] (PlayState/generateStaticArrows#1797): FlxAtlasFrames
0:48.28 [TRACE] (PlayState/generateSong#1738): whats the fuckin shit
0:57.41 [TRACE] (PlayState/closeSubState#1910): pause thingyt
0:57.48 [TRACE] (OptionsMenu/switchCat#319): Changed cat: 0
0:59.16 [TRACE] (OptionsMenu/selectOption#334): Changed opt: 0
0:59.17 [TRACE] (OptionsMenu/selectOption#336): Bounds: 114,640
0:59.79 [TRACE] (OptionsMenu/selectOption#334): Changed opt: 1
0:59.80 [TRACE] (OptionsMenu/selectOption#336): Bounds: 114,640
1:00.02 [TRACE] (OptionsMenu/selectOption#334): Changed opt: 2
1:00.02 [TRACE] (OptionsMenu/selectOption#336): Bounds: 114,640
1:00.19 [TRACE] (OptionsMenu/selectOption#334): Changed opt: 3
1:00.20 [TRACE] (OptionsMenu/selectOption#336): Bounds: 114,640
1:00.44 [TRACE] (OptionsMenu/selectOption#334): Changed opt: 4
1:00.45 [TRACE] (OptionsMenu/selectOption#336): Bounds: 114,640
1:00.57 [TRACE] (OptionsMenu/selectOption#334): Changed opt: 5
1:00.58 [TRACE] (OptionsMenu/selectOption#336): Bounds: 114,640
1:01.19 [TRACE] (OptionsMenu/selectOption#334): Changed opt: 6
1:01.20 [TRACE] (OptionsMenu/selectOption#336): Bounds: 114,640
1:02.65 [TRACE] (OptionsMenu/selectOption#334): Changed opt: 7
1:02.65 [TRACE] (OptionsMenu/selectOption#336): Bounds: 114,640
1:02.88 [TRACE] (OptionsMenu/selectOption#334): Changed opt: 8
1:02.88 [TRACE] (OptionsMenu/selectOption#336): Bounds: 114,640
1:03.28 [TRACE] (OptionsMenu/selectOption#334): Changed opt: 7
1:03.28 [TRACE] (OptionsMenu/selectOption#336): Bounds: 114,640
1:03.45 [TRACE] (OptionsMenu/selectOption#334): Changed opt: 6
1:03.46 [TRACE] (OptionsMenu/selectOption#336): Bounds: 114,640
1:03.62 [TRACE] (OptionsMenu/selectOption#334): Changed opt: 5
1:03.62 [TRACE] (OptionsMenu/selectOption#336): Bounds: 114,640
1:04.01 [TRACE] (OptionsMenu/update#560): New text: > BotPlay: < on >
1:05.87 [TRACE] (PlayState/closeSubState#1910): pause thingyt
1:05.87 [TRACE] (PlayState/closeSubState#1913): pause thingyt
1:06.43 [TRACE] (PauseSubState/destroy#261): destroying music for pauseeta
3:09.04 [TRACE] (PlayState/update#2085): we're fuckin ending the song 
